<?xml version="1.0" encoding="UTF-8"?>
<robot generator="Robot 3.2.2 (Python 3.10.12 on linux)" generated="20240628 13:29:38.361" rpa="false">
<suite id="s1" name="scinner Robot" source="/home/wadmin/eclipse-workspace/scinnerRobot/scinner_Robot">
<suite id="s1-s1" name="Scinner Live" source="/home/wadmin/eclipse-workspace/scinnerRobot/scinner_Robot/scinner_live.robot">
<test id="s1-s1-t1" name="18+APPROVAL">
<kw name="Open Browser" library="SeleniumLibrary">
<doc>Opens a new browser instance to the optional ``url``.</doc>
<arguments>
<arg>https://scinner.com</arg>
<arg>chrome</arg>
</arguments>
<msg timestamp="20240628 13:29:38.524" level="INFO">Opening browser 'chrome' to base url 'https://scinner.com'.</msg>
<status status="PASS" starttime="20240628 13:29:38.523" endtime="20240628 13:29:43.920"></status>
</kw>
<kw name="Maximize Browser Window" library="SeleniumLibrary">
<doc>Maximizes current browser window.</doc>
<msg timestamp="20240628 13:29:43.930" level="WARN">Keyword 'Capture Page Screenshot' could not be run on failure: Message: no such window: target window already closed
from unknown error: web view not found
  (Session info: chrome=125.0.6422.112)
Stacktrace:
#0 0x59f392063e3a &lt;unknown&gt;
#1 0x59f391d4d45c &lt;unknown&gt;
#2 0x59f391d22a84 &lt;unknown&gt;
#3 0x59f391dc495d &lt;unknown&gt;
#4 0x59f391ddac76 &lt;unknown&gt;
#5 0x59f391dbc253 &lt;unknown&gt;
#6 0x59f391d8c1c7 &lt;unknown&gt;
#7 0x59f391d8cb3e &lt;unknown&gt;
#8 0x59f39202a27b &lt;unknown&gt;
#9 0x59f39202e327 &lt;unknown&gt;
#10 0x59f392016dae &lt;unknown&gt;
#11 0x59f39202edf2 &lt;unknown&gt;
#12 0x59f391ffb74f &lt;unknown&gt;
#13 0x59f392053128 &lt;unknown&gt;
#14 0x59f3920532fb &lt;unknown&gt;
#15 0x59f392062f6c &lt;unknown&gt;
#16 0x79716aa94ac3 &lt;unknown&gt;
</msg>
<msg timestamp="20240628 13:29:43.938" level="FAIL">NoSuchWindowException: Message: no such window: target window already closed
from unknown error: web view not found
  (Session info: chrome=125.0.6422.112)
Stacktrace:
#0 0x59f392063e3a &lt;unknown&gt;
#1 0x59f391d4d45c &lt;unknown&gt;
#2 0x59f391d22a84 &lt;unknown&gt;
#3 0x59f391dc495d &lt;unknown&gt;
#4 0x59f391ddac76 &lt;unknown&gt;
#5 0x59f391dbc253 &lt;unknown&gt;
#6 0x59f391d8c1c7 &lt;unknown&gt;
#7 0x59f391d8cb3e &lt;unknown&gt;
#8 0x59f39202a27b &lt;unknown&gt;
#9 0x59f39202e327 &lt;unknown&gt;
#10 0x59f392016dae &lt;unknown&gt;
#11 0x59f39202edf2 &lt;unknown&gt;
#12 0x59f391ffb74f &lt;unknown&gt;
#13 0x59f392053128 &lt;unknown&gt;
#14 0x59f3920532fb &lt;unknown&gt;
#15 0x59f392062f6c &lt;unknown&gt;
#16 0x79716aa94ac3 &lt;unknown&gt;
</msg>
<status status="FAIL" starttime="20240628 13:29:43.921" endtime="20240628 13:29:43.938"></status>
</kw>
<status status="FAIL" starttime="20240628 13:29:38.523" endtime="20240628 13:29:43.939" critical="yes">NoSuchWindowException: Message: no such window: target window already closed
from unknown error: web view not found
  (Session info: chrome=125.0.6422.112)
Stacktrace:
#0 0x59f392063e3a &lt;unknown&gt;
#1 0x59f391d4d45c &lt;unknown&gt;
#2 0x59f391d22a84 &lt;unknown&gt;
#3 0x59f391dc495d &lt;unknown&gt;
#4 0x59f391ddac76 &lt;unknown&gt;
#5 0x59f391dbc253 &lt;unknown&gt;
#6 0x59f391d8c1c7 &lt;unknown&gt;
#7 0x59f391d8cb3e &lt;unknown&gt;
#8 0x59f39202a27b &lt;unknown&gt;
#9 0x59f39202e327 &lt;unknown&gt;
#10 0x59f392016dae &lt;unknown&gt;
#11 0x59f39202edf2 &lt;unknown&gt;
#12 0x59f391ffb74f &lt;unknown&gt;
#13 0x59f392053128 &lt;unknown&gt;
#14 0x59f3920532fb &lt;unknown&gt;
#15 0x59f392062f6c &lt;unknown&gt;
#16 0x79716aa94ac3 &lt;unknown&gt;
</status>
</test>
<test id="s1-s1-t2" name="LOGIN-MODEL">
<kw name="Click Element" library="SeleniumLibrary">
<doc>Click the element identified by ``locator``.</doc>
<arguments>
<arg>//span[normalize-space()='Login']</arg>
</arguments>
<msg timestamp="20240628 13:29:43.940" level="INFO">Clicking element '//span[normalize-space()='Login']'.</msg>
<msg timestamp="20240628 13:29:43.945" level="WARN">Keyword 'Capture Page Screenshot' could not be run on failure: Message: no such window: target window already closed
from unknown error: web view not found
  (Session info: chrome=125.0.6422.112)
Stacktrace:
#0 0x59f392063e3a &lt;unknown&gt;
#1 0x59f391d4d45c &lt;unknown&gt;
#2 0x59f391d22a84 &lt;unknown&gt;
#3 0x59f391dc495d &lt;unknown&gt;
#4 0x59f391ddac76 &lt;unknown&gt;
#5 0x59f391dbc253 &lt;unknown&gt;
#6 0x59f391d8c1c7 &lt;unknown&gt;
#7 0x59f391d8cb3e &lt;unknown&gt;
#8 0x59f39202a27b &lt;unknown&gt;
#9 0x59f39202e327 &lt;unknown&gt;
#10 0x59f392016dae &lt;unknown&gt;
#11 0x59f39202edf2 &lt;unknown&gt;
#12 0x59f391ffb74f &lt;unknown&gt;
#13 0x59f392053128 &lt;unknown&gt;
#14 0x59f3920532fb &lt;unknown&gt;
#15 0x59f392062f6c &lt;unknown&gt;
#16 0x79716aa94ac3 &lt;unknown&gt;
</msg>
<msg timestamp="20240628 13:29:43.947" level="FAIL">NoSuchWindowException: Message: no such window: target window already closed
from unknown error: web view not found
  (Session info: chrome=125.0.6422.112)
Stacktrace:
#0 0x59f392063e3a &lt;unknown&gt;
#1 0x59f391d4d45c &lt;unknown&gt;
#2 0x59f391d22a84 &lt;unknown&gt;
#3 0x59f391dc495d &lt;unknown&gt;
#4 0x59f391ddac76 &lt;unknown&gt;
#5 0x59f391dbc253 &lt;unknown&gt;
#6 0x59f391d8c1c7 &lt;unknown&gt;
#7 0x59f391d8cb3e &lt;unknown&gt;
#8 0x59f39202a27b &lt;unknown&gt;
#9 0x59f39202e327 &lt;unknown&gt;
#10 0x59f392016dae &lt;unknown&gt;
#11 0x59f39202edf2 &lt;unknown&gt;
#12 0x59f391ffb74f &lt;unknown&gt;
#13 0x59f392053128 &lt;unknown&gt;
#14 0x59f3920532fb &lt;unknown&gt;
#15 0x59f392062f6c &lt;unknown&gt;
#16 0x79716aa94ac3 &lt;unknown&gt;
</msg>
<status status="FAIL" starttime="20240628 13:29:43.940" endtime="20240628 13:29:43.947"></status>
</kw>
<status status="FAIL" starttime="20240628 13:29:43.939" endtime="20240628 13:29:43.947" critical="yes">NoSuchWindowException: Message: no such window: target window already closed
from unknown error: web view not found
  (Session info: chrome=125.0.6422.112)
Stacktrace:
#0 0x59f392063e3a &lt;unknown&gt;
#1 0x59f391d4d45c &lt;unknown&gt;
#2 0x59f391d22a84 &lt;unknown&gt;
#3 0x59f391dc495d &lt;unknown&gt;
#4 0x59f391ddac76 &lt;unknown&gt;
#5 0x59f391dbc253 &lt;unknown&gt;
#6 0x59f391d8c1c7 &lt;unknown&gt;
#7 0x59f391d8cb3e &lt;unknown&gt;
#8 0x59f39202a27b &lt;unknown&gt;
#9 0x59f39202e327 &lt;unknown&gt;
#10 0x59f392016dae &lt;unknown&gt;
#11 0x59f39202edf2 &lt;unknown&gt;
#12 0x59f391ffb74f &lt;unknown&gt;
#13 0x59f392053128 &lt;unknown&gt;
#14 0x59f3920532fb &lt;unknown&gt;
#15 0x59f392062f6c &lt;unknown&gt;
#16 0x79716aa94ac3 &lt;unknown&gt;
</status>
</test>
<test id="s1-s1-t3" name="LOGO-MODEL">
<kw name="Click Element" library="SeleniumLibrary">
<doc>Click the element identified by ``locator``.</doc>
<arguments>
<arg>/html/body/header/div/div/div[1]/div/a/img</arg>
</arguments>
<msg timestamp="20240628 13:29:43.948" level="INFO">Clicking element '/html/body/header/div/div/div[1]/div/a/img'.</msg>
<msg timestamp="20240628 13:29:43.953" level="WARN">Keyword 'Capture Page Screenshot' could not be run on failure: Message: no such window: target window already closed
from unknown error: web view not found
  (Session info: chrome=125.0.6422.112)
Stacktrace:
#0 0x59f392063e3a &lt;unknown&gt;
#1 0x59f391d4d45c &lt;unknown&gt;
#2 0x59f391d22a84 &lt;unknown&gt;
#3 0x59f391dc495d &lt;unknown&gt;
#4 0x59f391ddac76 &lt;unknown&gt;
#5 0x59f391dbc253 &lt;unknown&gt;
#6 0x59f391d8c1c7 &lt;unknown&gt;
#7 0x59f391d8cb3e &lt;unknown&gt;
#8 0x59f39202a27b &lt;unknown&gt;
#9 0x59f39202e327 &lt;unknown&gt;
#10 0x59f392016dae &lt;unknown&gt;
#11 0x59f39202edf2 &lt;unknown&gt;
#12 0x59f391ffb74f &lt;unknown&gt;
#13 0x59f392053128 &lt;unknown&gt;
#14 0x59f3920532fb &lt;unknown&gt;
#15 0x59f392062f6c &lt;unknown&gt;
#16 0x79716aa94ac3 &lt;unknown&gt;
</msg>
<msg timestamp="20240628 13:29:43.953" level="FAIL">NoSuchWindowException: Message: no such window: target window already closed
from unknown error: web view not found
  (Session info: chrome=125.0.6422.112)
Stacktrace:
#0 0x59f392063e3a &lt;unknown&gt;
#1 0x59f391d4d45c &lt;unknown&gt;
#2 0x59f391d22a84 &lt;unknown&gt;
#3 0x59f391dc495d &lt;unknown&gt;
#4 0x59f391ddac76 &lt;unknown&gt;
#5 0x59f391dbc253 &lt;unknown&gt;
#6 0x59f391d8c1c7 &lt;unknown&gt;
#7 0x59f391d8cb3e &lt;unknown&gt;
#8 0x59f39202a27b &lt;unknown&gt;
#9 0x59f39202e327 &lt;unknown&gt;
#10 0x59f392016dae &lt;unknown&gt;
#11 0x59f39202edf2 &lt;unknown&gt;
#12 0x59f391ffb74f &lt;unknown&gt;
#13 0x59f392053128 &lt;unknown&gt;
#14 0x59f3920532fb &lt;unknown&gt;
#15 0x59f392062f6c &lt;unknown&gt;
#16 0x79716aa94ac3 &lt;unknown&gt;
</msg>
<status status="FAIL" starttime="20240628 13:29:43.948" endtime="20240628 13:29:43.953"></status>
</kw>
<kw name="Close Browser" library="SeleniumLibrary" type="teardown">
<doc>Closes the current browser.</doc>
<status status="PASS" starttime="20240628 13:29:43.954" endtime="20240628 13:29:44.016"></status>
</kw>
<status status="FAIL" starttime="20240628 13:29:43.948" endtime="20240628 13:29:44.016" critical="yes">NoSuchWindowException: Message: no such window: target window already closed
from unknown error: web view not found
  (Session info: chrome=125.0.6422.112)
Stacktrace:
#0 0x59f392063e3a &lt;unknown&gt;
#1 0x59f391d4d45c &lt;unknown&gt;
#2 0x59f391d22a84 &lt;unknown&gt;
#3 0x59f391dc495d &lt;unknown&gt;
#4 0x59f391ddac76 &lt;unknown&gt;
#5 0x59f391dbc253 &lt;unknown&gt;
#6 0x59f391d8c1c7 &lt;unknown&gt;
#7 0x59f391d8cb3e &lt;unknown&gt;
#8 0x59f39202a27b &lt;unknown&gt;
#9 0x59f39202e327 &lt;unknown&gt;
#10 0x59f392016dae &lt;unknown&gt;
#11 0x59f39202edf2 &lt;unknown&gt;
#12 0x59f391ffb74f &lt;unknown&gt;
#13 0x59f392053128 &lt;unknown&gt;
#14 0x59f3920532fb &lt;unknown&gt;
#15 0x59f392062f6c &lt;unknown&gt;
#16 0x79716aa94ac3 &lt;unknown&gt;
</status>
</test>
<status status="FAIL" starttime="20240628 13:29:38.413" endtime="20240628 13:29:44.017"></status>
</suite>
<status status="FAIL" starttime="20240628 13:29:38.397" endtime="20240628 13:29:44.020"></status>
</suite>
<statistics>
<total>
<stat pass="0" fail="3">Critical Tests</stat>
<stat pass="0" fail="3">All Tests</stat>
</total>
<tag>
</tag>
<suite>
<stat pass="0" fail="3" id="s1" name="scinner Robot">scinner Robot</stat>
<stat pass="0" fail="3" id="s1-s1" name="Scinner Live">scinner Robot.Scinner Live</stat>
</suite>
</statistics>
<errors>
<msg timestamp="20240628 13:29:43.930" level="WARN">Keyword 'Capture Page Screenshot' could not be run on failure: Message: no such window: target window already closed
from unknown error: web view not found
  (Session info: chrome=125.0.6422.112)
Stacktrace:
#0 0x59f392063e3a &lt;unknown&gt;
#1 0x59f391d4d45c &lt;unknown&gt;
#2 0x59f391d22a84 &lt;unknown&gt;
#3 0x59f391dc495d &lt;unknown&gt;
#4 0x59f391ddac76 &lt;unknown&gt;
#5 0x59f391dbc253 &lt;unknown&gt;
#6 0x59f391d8c1c7 &lt;unknown&gt;
#7 0x59f391d8cb3e &lt;unknown&gt;
#8 0x59f39202a27b &lt;unknown&gt;
#9 0x59f39202e327 &lt;unknown&gt;
#10 0x59f392016dae &lt;unknown&gt;
#11 0x59f39202edf2 &lt;unknown&gt;
#12 0x59f391ffb74f &lt;unknown&gt;
#13 0x59f392053128 &lt;unknown&gt;
#14 0x59f3920532fb &lt;unknown&gt;
#15 0x59f392062f6c &lt;unknown&gt;
#16 0x79716aa94ac3 &lt;unknown&gt;
</msg>
<msg timestamp="20240628 13:29:43.945" level="WARN">Keyword 'Capture Page Screenshot' could not be run on failure: Message: no such window: target window already closed
from unknown error: web view not found
  (Session info: chrome=125.0.6422.112)
Stacktrace:
#0 0x59f392063e3a &lt;unknown&gt;
#1 0x59f391d4d45c &lt;unknown&gt;
#2 0x59f391d22a84 &lt;unknown&gt;
#3 0x59f391dc495d &lt;unknown&gt;
#4 0x59f391ddac76 &lt;unknown&gt;
#5 0x59f391dbc253 &lt;unknown&gt;
#6 0x59f391d8c1c7 &lt;unknown&gt;
#7 0x59f391d8cb3e &lt;unknown&gt;
#8 0x59f39202a27b &lt;unknown&gt;
#9 0x59f39202e327 &lt;unknown&gt;
#10 0x59f392016dae &lt;unknown&gt;
#11 0x59f39202edf2 &lt;unknown&gt;
#12 0x59f391ffb74f &lt;unknown&gt;
#13 0x59f392053128 &lt;unknown&gt;
#14 0x59f3920532fb &lt;unknown&gt;
#15 0x59f392062f6c &lt;unknown&gt;
#16 0x79716aa94ac3 &lt;unknown&gt;
</msg>
<msg timestamp="20240628 13:29:43.953" level="WARN">Keyword 'Capture Page Screenshot' could not be run on failure: Message: no such window: target window already closed
from unknown error: web view not found
  (Session info: chrome=125.0.6422.112)
Stacktrace:
#0 0x59f392063e3a &lt;unknown&gt;
#1 0x59f391d4d45c &lt;unknown&gt;
#2 0x59f391d22a84 &lt;unknown&gt;
#3 0x59f391dc495d &lt;unknown&gt;
#4 0x59f391ddac76 &lt;unknown&gt;
#5 0x59f391dbc253 &lt;unknown&gt;
#6 0x59f391d8c1c7 &lt;unknown&gt;
#7 0x59f391d8cb3e &lt;unknown&gt;
#8 0x59f39202a27b &lt;unknown&gt;
#9 0x59f39202e327 &lt;unknown&gt;
#10 0x59f392016dae &lt;unknown&gt;
#11 0x59f39202edf2 &lt;unknown&gt;
#12 0x59f391ffb74f &lt;unknown&gt;
#13 0x59f392053128 &lt;unknown&gt;
#14 0x59f3920532fb &lt;unknown&gt;
#15 0x59f392062f6c &lt;unknown&gt;
#16 0x79716aa94ac3 &lt;unknown&gt;
</msg>
</errors>
</robot>
